```sql
PS> Invoke-WebRequest -OutFile demo.zip https://edu.postgrespro.ru/demo_big.zip
PS> Expand-Archive demo.zip -DestinationPath .
PS> docker run -d --network otus-network --name otus-postgres-1 -e POSTGRES_PASSWORD=postgres -p 5432:5432 -v .\demo_big.sql:/docker-entrypoint-initdb.d/demo_big.sql postgres:15
PS> docker run --rm -it --network otus-network postgres:15 psql -h otus-postgres-1 -U postgres demo     
Password for user postgres: 
psql (15.3 (Debian 15.3-1.pgdg120+1))
Type "help" for help.

demo=#
```

> 1. Создать индекс к какой-либо из таблиц вашей БД
> 2. Прислать текстом результат команды explain, в которой используется данный индекс
```sql
demo=# EXPLAIN ANALYZE SELECT flight_no, scheduled_departure, scheduled_arrival FROM bookings.flights WHERE departure_airport = 'DME' AND arrival_airport = 'LED';
                                                       QUERY PLAN
-------------------------------------------------------------------------------------------------------------------------
 Gather  (cost=1000.00..5644.29 rows=1244 width=23) (actual time=0.265..19.588 rows=1584 loops=1)
   Workers Planned: 1
   Workers Launched: 1
   ->  Parallel Seq Scan on flights  (cost=0.00..4519.89 rows=732 width=23) (actual time=7.058..15.394 rows=792 loops=2)
         Filter: ((departure_airport = 'DME'::bpchar) AND (arrival_airport = 'LED'::bpchar))
         Rows Removed by Filter: 106642
 Planning Time: 0.123 ms
 Execution Time: 19.677 ms
(8 rows)
demo=# CREATE INDEX flights_flight_no_index ON bookings.flights (departure_airport, arrival_airport);
CREATE INDEX
demo=# EXPLAIN ANALYZE SELECT flight_no, scheduled_departure, scheduled_arrival FROM bookings.flights WHERE departure_airport = 'DME' AND arrival_airport = 'LED';
                                                              QUERY PLAN
---------------------------------------------------------------------------------------------------------------------------------------
 Bitmap Heap Scan on flights  (cost=21.05..2195.02 rows=1244 width=23) (actual time=0.135..0.364 rows=1584 loops=1)
   Recheck Cond: ((departure_airport = 'DME'::bpchar) AND (arrival_airport = 'LED'::bpchar))
   Heap Blocks: exact=20
   ->  Bitmap Index Scan on flights_flight_no_index  (cost=0.00..20.73 rows=1244 width=0) (actual time=0.082..0.083 rows=1584 loops=1)
         Index Cond: ((departure_airport = 'DME'::bpchar) AND (arrival_airport = 'LED'::bpchar))
 Planning Time: 0.276 ms
 Execution Time: 0.431 ms
(7 rows)
```
> 3. Реализовать индекс для полнотекстового поиска
```sql
demo=# ALTER TABLE bookings.tickets ADD passenger_search_vector tsvector;
ALTER TABLE
demo=# UPDATE bookings.tickets SET passenger_search_vector = to_tsvector(tickets.passenger_id || ' ' || tickets.passenger_name);
UPDATE 2949857
demo=# CREATE INDEX tickets_passenger_search_vector_idx ON bookings.tickets USING GIN(passenger_search_vector);
CREATE INDEX
demo=# EXPLAIN ANALYZE SELECT ticket_no from bookings.tickets where passenger_search_vector @@ to_tsquery('SIDOROV');
                                                                      QUERY PLAN
------------------------------------------------------------------------------------------------------------------------------------------------------
 Bitmap Heap Scan on tickets  (cost=154.56..47023.42 rows=14749 width=14) (actual time=4.402..12.698 rows=17198 loops=1)
   Recheck Cond: (passenger_search_vector @@ to_tsquery('SIDOROV'::text))
   Heap Blocks: exact=15310
   ->  Bitmap Index Scan on tickets_passenger_search_vector_idx  (cost=0.00..150.87 rows=14749 width=0) (actual time=2.778..2.779 rows=17198 loops=1)
         Index Cond: (passenger_search_vector @@ to_tsquery('SIDOROV'::text))
 Planning Time: 0.213 ms
 Execution Time: 13.065 ms
(7 rows)
```
> 4. Реализовать индекс на часть таблицы или индекс на поле с функцией
```sql
demo=# CREATE INDEX bookings_bookings_total_amount_idx ON bookings.bookings (total_amount) WHERE total_amount >= 100000;
CREATE INDEX
demo=# EXPLAIN ANALYSE SELECT book_ref, total_amount FROM bookings.bookings WHERE total_amount > 120000;
                                                                        QUERY PLAN
----------------------------------------------------------------------------------------------------------------------------------------------------------
 Bitmap Heap Scan on bookings  (cost=7559.13..26042.76 rows=402930 width=13) (actual time=31.882..100.408 rows=398506 loops=1)
   Recheck Cond: (total_amount > '120000'::numeric)
   Heap Blocks: exact=13447
   ->  Bitmap Index Scan on bookings_bookings_total_amount_idx  (cost=0.00..7458.40 rows=402930 width=0) (actual time=30.260..30.261 rows=398506 loops=1)
         Index Cond: (total_amount > '120000'::numeric)
 Planning Time: 0.249 ms
 Execution Time: 108.543 ms
(7 rows)
```
> 5. Создать индекс на несколько полей
```sql
demo=# CREATE INDEX bookings_seats_code_seat_idx ON bookings.seats (aircraft_code, seat_no);
CREATE INDEX
demo=# EXPLAIN ANALYSE SELECT * FROM bookings.seats WHERE aircraft_code = '319';
                                                               QUERY PLAN
-----------------------------------------------------------------------------------------------------------------------------------------
 Bitmap Heap Scan on seats  (cost=5.18..14.63 rows=116 width=15) (actual time=0.043..0.050 rows=116 loops=1)
   Recheck Cond: (aircraft_code = '319'::bpchar)
   Heap Blocks: exact=2
   ->  Bitmap Index Scan on bookings_seats_code_seat_idx  (cost=0.00..5.15 rows=116 width=0) (actual time=0.033..0.033 rows=116 loops=1)
         Index Cond: (aircraft_code = '319'::bpchar)
 Planning Time: 0.214 ms
 Execution Time: 0.065 ms
(7 rows)
```
> 6. Написать комментарии к каждому из индексов
```sql
demo=# COMMENT ON INDEX bookings.bookings_bookings_total_amount_idx IS 'Indexing bookings where total_amount >= 100000';
COMMENT
demo=# COMMENT ON INDEX bookings.tickets_passenger_search_vector_idx IS 'Index for fulltext search on passenger id and name';
COMMENT
demo=# COMMENT ON INDEX bookings.bookings_seats_code_seat_idx IS 'Index for searching seat by aircraft code and seat number';
COMMENT
demo=#
```
> 7. Описать что и как делали и с какими проблемами столкнулись
```
Проблем не было.
```